2024-10-15 21:28:21,572 INFO o.a.j.u.JMeterUtils: Setting Locale to en_EN
2024-10-15 21:28:21,626 INFO o.a.j.JMeter: Loading user properties from: user.properties
2024-10-15 21:28:21,626 INFO o.a.j.JMeter: Loading system properties from: system.properties
2024-10-15 21:28:21,636 INFO o.a.j.JMeter: Copyright (c) 1998-2024 The Apache Software Foundation
2024-10-15 21:28:21,636 INFO o.a.j.JMeter: Version 5.6.3
2024-10-15 21:28:21,636 INFO o.a.j.JMeter: java.version=21.0.1
2024-10-15 21:28:21,636 INFO o.a.j.JMeter: java.vm.name=Java HotSpot(TM) 64-Bit Server VM
2024-10-15 21:28:21,636 INFO o.a.j.JMeter: os.name=Windows 11
2024-10-15 21:28:21,636 INFO o.a.j.JMeter: os.arch=amd64
2024-10-15 21:28:21,636 INFO o.a.j.JMeter: os.version=10.0
2024-10-15 21:28:21,636 INFO o.a.j.JMeter: file.encoding=UTF-8
2024-10-15 21:28:21,636 INFO o.a.j.JMeter: java.awt.headless=null
2024-10-15 21:28:21,636 INFO o.a.j.JMeter: Max memory     =1073741824
2024-10-15 21:28:21,636 INFO o.a.j.JMeter: Available Processors =8
2024-10-15 21:28:21,667 INFO o.a.j.JMeter: Default Locale=English (EN)
2024-10-15 21:28:21,667 INFO o.a.j.JMeter: JMeter  Locale=English (EN)
2024-10-15 21:28:21,667 INFO o.a.j.JMeter: JMeterHome=C:\apache-jmeter-5.6.3\apache-jmeter-5.6.3
2024-10-15 21:28:21,667 INFO o.a.j.JMeter: user.dir  =C:\apache-jmeter-5.6.3\apache-jmeter-5.6.3\bin
2024-10-15 21:28:21,667 INFO o.a.j.JMeter: PWD       =C:\apache-jmeter-5.6.3\apache-jmeter-5.6.3\bin
2024-10-15 21:28:21,667 INFO o.a.j.JMeter: IP: 172.26.240.1 Name: LAPTOP-FCEQT136 FullName: LAPTOP-FCEQT136.mshome.net
2024-10-15 21:28:21,698 INFO o.a.j.JMeter: Loaded icon properties from org/apache/jmeter/images/icon.properties
2024-10-15 21:28:22,090 INFO o.a.j.JMeterGuiLauncher: Setting LAF to: com.github.weisj.darklaf.DarkLaf:com.github.weisj.darklaf.theme.DarculaTheme
